<?xml version="1.0" encoding="UTF-8"?>
<!-- Generated by org.testng.reporters.JUnitReportReporter -->
<testsuite hostname="DESKTOP-82HK6U2" name="Project.PHPTravel.FirstTest_Case" tests="1" failures="0" timestamp="11 Oct 2019 09:07:57 GMT" time="21.572" errors="0">
  <testcase name="userRegistrationForm" time="21.572" classname="Project.PHPTravel.FirstTest_Case"/>
</testsuite> <!-- Project.PHPTravel.FirstTest_Case -->
